2022-05-08/03:21:35.811  INFO: datastax_3_1_4.CassandraClientMain - My process's pid is 5733
2022-05-08/03:21:35.812  INFO: datastax_3_1_4.CassandraClientMain - running command [write, 10, 127.0.0.1, 9047]
2022-05-08/03:21:35.855 DEBUG: core.SystemProperties - com.datastax.driver.NEW_NODE_DELAY_SECONDS is undefined, using default value 1
2022-05-08/03:21:35.857 DEBUG: core.SystemProperties - com.datastax.driver.NOTIF_LOCK_TIMEOUT_SECONDS is undefined, using default value 60
2022-05-08/03:21:35.872 DEBUG: core.SystemProperties - com.datastax.driver.USE_NATIVE_CLOCK is undefined, using default value true
2022-05-08/03:21:36.076  INFO: core.ClockFactory - Using native clock to generate timestamps.
2022-05-08/03:21:36.082 DEBUG: core.SystemProperties - com.datastax.driver.NON_BLOCKING_EXECUTOR_SIZE is undefined, using default value 20
2022-05-08/03:21:36.120 DEBUG: core.Cluster - Starting new cluster with contact points [/127.0.0.1:9047]
2022-05-08/03:21:36.131 DEBUG: logging.InternalLoggerFactory - Using SLF4J as the default logging framework
2022-05-08/03:21:36.140 DEBUG: internal.PlatformDependent0 - java.nio.Buffer.address: available
2022-05-08/03:21:36.140 DEBUG: internal.PlatformDependent0 - sun.misc.Unsafe.theUnsafe: available
2022-05-08/03:21:36.141 DEBUG: internal.PlatformDependent0 - sun.misc.Unsafe.copyMemory: available
2022-05-08/03:21:36.141 DEBUG: internal.PlatformDependent0 - java.nio.Bits.unaligned: true
2022-05-08/03:21:36.141 DEBUG: internal.PlatformDependent0 - java.nio.DirectByteBuffer.<init>(long, int): available
2022-05-08/03:21:36.142 DEBUG: internal.PlatformDependent - Java version: 8
2022-05-08/03:21:36.143 DEBUG: internal.PlatformDependent - -Dio.netty.noUnsafe: false
2022-05-08/03:21:36.143 DEBUG: internal.PlatformDependent - sun.misc.Unsafe: available
2022-05-08/03:21:36.143 DEBUG: internal.PlatformDependent - -Dio.netty.noJavassist: false
2022-05-08/03:21:36.144 DEBUG: internal.PlatformDependent - Javassist: unavailable
2022-05-08/03:21:36.144 DEBUG: internal.PlatformDependent - You don't have Javassist in your class path or you don't have enough permission to load dynamically generated classes.  Please check the configuration for better performance.
2022-05-08/03:21:36.144 DEBUG: internal.PlatformDependent - -Dio.netty.tmpdir: /tmp (java.io.tmpdir)
2022-05-08/03:21:36.144 DEBUG: internal.PlatformDependent - -Dio.netty.bitMode: 64 (sun.arch.data.model)
2022-05-08/03:21:36.144 DEBUG: internal.PlatformDependent - -Dio.netty.noPreferDirect: false
2022-05-08/03:21:36.145 DEBUG: internal.PlatformDependent - io.netty.maxDirectMemory: 7393509376 bytes
2022-05-08/03:21:36.153 DEBUG: core.SystemProperties - com.datastax.driver.FORCE_NIO is undefined, using default value false
2022-05-08/03:21:36.153  INFO: core.NettyUtil - Did not find Netty's native epoll transport in the classpath, defaulting to NIO.
2022-05-08/03:21:36.156 DEBUG: channel.MultithreadEventLoopGroup - -Dio.netty.eventLoopThreads: 40
2022-05-08/03:21:36.164 DEBUG: nio.NioEventLoop - -Dio.netty.noKeySetOptimization: false
2022-05-08/03:21:36.164 DEBUG: nio.NioEventLoop - -Dio.netty.selectorAutoRebuildThreshold: 512
2022-05-08/03:21:36.183 DEBUG: util.ResourceLeakDetector - -Dio.netty.leakDetection.level: simple
2022-05-08/03:21:36.184 DEBUG: util.ResourceLeakDetector - -Dio.netty.leakDetection.maxRecords: 4
2022-05-08/03:21:36.189 DEBUG: core.SystemProperties - com.datastax.driver.EXTENDED_PEER_CHECK is undefined, using default value true
2022-05-08/03:21:36.328 DEBUG: Host.STATES - [/127.0.0.1:9047] preparing to open 1 new connections, total = 1
2022-05-08/03:21:36.330 DEBUG: core.SystemProperties - com.datastax.driver.DISABLE_COALESCING is undefined, using default value false
2022-05-08/03:21:36.350 DEBUG: buffer.PooledByteBufAllocator - -Dio.netty.allocator.numHeapArenas: 40
2022-05-08/03:21:36.350 DEBUG: buffer.PooledByteBufAllocator - -Dio.netty.allocator.numDirectArenas: 40
2022-05-08/03:21:36.350 DEBUG: buffer.PooledByteBufAllocator - -Dio.netty.allocator.pageSize: 8192
2022-05-08/03:21:36.350 DEBUG: buffer.PooledByteBufAllocator - -Dio.netty.allocator.maxOrder: 11
2022-05-08/03:21:36.350 DEBUG: buffer.PooledByteBufAllocator - -Dio.netty.allocator.chunkSize: 16777216
2022-05-08/03:21:36.351 DEBUG: buffer.PooledByteBufAllocator - -Dio.netty.allocator.tinyCacheSize: 512
2022-05-08/03:21:36.351 DEBUG: buffer.PooledByteBufAllocator - -Dio.netty.allocator.smallCacheSize: 256
2022-05-08/03:21:36.351 DEBUG: buffer.PooledByteBufAllocator - -Dio.netty.allocator.normalCacheSize: 64
2022-05-08/03:21:36.351 DEBUG: buffer.PooledByteBufAllocator - -Dio.netty.allocator.maxCachedBufferCapacity: 32768
2022-05-08/03:21:36.351 DEBUG: buffer.PooledByteBufAllocator - -Dio.netty.allocator.cacheTrimInterval: 8192
2022-05-08/03:21:36.370 DEBUG: internal.ThreadLocalRandom - -Dio.netty.initialSeedUniquifier: 0x1efa56d3940a2063 (took 0 ms)
2022-05-08/03:21:36.384 DEBUG: buffer.ByteBufUtil - -Dio.netty.allocator.type: unpooled
2022-05-08/03:21:36.385 DEBUG: buffer.ByteBufUtil - -Dio.netty.threadLocalDirectBufferSize: 65536
2022-05-08/03:21:36.385 DEBUG: buffer.ByteBufUtil - -Dio.netty.maxThreadLocalCharBufferSize: 16384
2022-05-08/03:21:36.401 DEBUG: core.Connection - Connection[/127.0.0.1:9047-1, inFlight=0, closed=false] Connection established, initializing transport
2022-05-08/03:21:36.411 DEBUG: util.Recycler - -Dio.netty.recycler.maxCapacity.default: 262144
2022-05-08/03:21:36.411 DEBUG: util.Recycler - -Dio.netty.recycler.linkCapacity: 16
2022-05-08/03:21:36.422 DEBUG: buffer.AbstractByteBuf - -Dio.netty.buffer.bytebuf.checkAccessible: true
2022-05-08/03:21:36.430 DEBUG: core.SystemProperties - com.datastax.driver.NATIVE_TRANSPORT_MAX_FRAME_SIZE_IN_MB is undefined, using default value 256
2022-05-08/03:21:36.431 DEBUG: Host.STATES - [/127.0.0.1:9047] Connection[/127.0.0.1:9047-1, inFlight=0, closed=false] Transport initialized, connection ready
2022-05-08/03:21:36.432 DEBUG: core.ControlConnection - [Control connection] Refreshing node list and token map
2022-05-08/03:21:36.466 DEBUG: core.ControlConnection - [Control connection] Refreshing schema
2022-05-08/03:21:36.597 DEBUG: Host.STATES - [Control connection] established to /127.0.0.1:9047
2022-05-08/03:21:36.598  INFO: core.Cluster - New Cassandra host /127.0.0.1:9047 added
2022-05-08/03:21:36.599  INFO: core.Cluster - New Cassandra host /127.0.0.2:9047 added
2022-05-08/03:21:36.599  INFO: core.Cluster - New Cassandra host /127.0.0.3:9047 added
2022-05-08/03:21:36.602 DEBUG: core.SystemProperties - com.datastax.driver.CHECK_IO_DEADLOCKS is undefined, using default value true
2022-05-08/03:21:36.606 DEBUG: Host.STATES - [/127.0.0.1:9047] preparing to open 1 new connections, total = 2
2022-05-08/03:21:36.611 DEBUG: core.Connection - Connection[/127.0.0.1:9047-2, inFlight=0, closed=false] Connection established, initializing transport
2022-05-08/03:21:36.613 DEBUG: Host.STATES - [/127.0.0.2:9047] preparing to open 1 new connections, total = 1
2022-05-08/03:21:36.615 DEBUG: Host.STATES - [/127.0.0.3:9047] preparing to open 1 new connections, total = 1
2022-05-08/03:21:36.616 DEBUG: core.Connection - Connection[/127.0.0.2:9047-1, inFlight=0, closed=false] Connection established, initializing transport
2022-05-08/03:21:36.617 DEBUG: core.Connection - Connection[/127.0.0.3:9047-1, inFlight=0, closed=false] Connection established, initializing transport
2022-05-08/03:21:36.627 DEBUG: Host.STATES - [/127.0.0.3:9047] Connection[/127.0.0.3:9047-1, inFlight=0, closed=false] Transport initialized, connection ready
2022-05-08/03:21:36.628 DEBUG: Host.STATES - [/127.0.0.1:9047] Connection[/127.0.0.1:9047-2, inFlight=0, closed=false] Transport initialized, connection ready
2022-05-08/03:21:36.630 DEBUG: core.HostConnectionPool - Created connection pool to host /127.0.0.3:9047 (1 connections needed, 1 successfully opened)
2022-05-08/03:21:36.630 DEBUG: core.HostConnectionPool - Created connection pool to host /127.0.0.1:9047 (1 connections needed, 1 successfully opened)
2022-05-08/03:21:36.630 DEBUG: core.Session - Added connection pool for /127.0.0.3:9047
2022-05-08/03:21:36.630 DEBUG: core.Session - Added connection pool for /127.0.0.1:9047
2022-05-08/03:21:36.643 DEBUG: Host.STATES - [/127.0.0.2:9047] Connection[/127.0.0.2:9047-1, inFlight=0, closed=false] Transport initialized, connection ready
2022-05-08/03:21:36.643 DEBUG: core.HostConnectionPool - Created connection pool to host /127.0.0.2:9047 (1 connections needed, 1 successfully opened)
2022-05-08/03:21:36.644 DEBUG: core.Session - Added connection pool for /127.0.0.2:9047
2022-05-08/03:21:36.670 DEBUG: core.Connection - Connection[/127.0.0.1:9047-2, inFlight=1, closed=false] Setting keyspace gray_space
2022-05-08/03:21:36.672 DEBUG: core.Connection - Connection[/127.0.0.1:9047-2, inFlight=1, closed=false] Keyspace set to gray_space
2022-05-08/03:21:36.685  INFO: datastax_3_1_4.CassandraClientMain - progress = 1, time = 882517935
2022-05-08/03:21:36.692  INFO: datastax_3_1_4.CassandraClientMain - progress = 2, time = 889080432
2022-05-08/03:21:36.697  INFO: datastax_3_1_4.CassandraClientMain - progress = 3, time = 893943450
2022-05-08/03:21:36.702  INFO: datastax_3_1_4.CassandraClientMain - progress = 4, time = 899431106
2022-05-08/03:21:36.706  INFO: datastax_3_1_4.CassandraClientMain - progress = 5, time = 903568262
2022-05-08/03:21:36.710  INFO: datastax_3_1_4.CassandraClientMain - progress = 6, time = 907688517
2022-05-08/03:21:36.715  INFO: datastax_3_1_4.CassandraClientMain - progress = 7, time = 912420808
2022-05-08/03:21:36.721  INFO: datastax_3_1_4.CassandraClientMain - progress = 8, time = 918126966
2022-05-08/03:21:36.725  INFO: datastax_3_1_4.CassandraClientMain - progress = 9, time = 922636748
2022-05-08/03:21:36.730  INFO: datastax_3_1_4.CassandraClientMain - progress = 10, time = 927678582
2022-05-08/03:21:36.734  INFO: datastax_3_1_4.CassandraClientMain - progress = 11, time = 931732140
2022-05-08/03:21:36.738  INFO: datastax_3_1_4.CassandraClientMain - progress = 12, time = 935265270
2022-05-08/03:21:36.741  INFO: datastax_3_1_4.CassandraClientMain - progress = 13, time = 938825348
2022-05-08/03:21:36.745  INFO: datastax_3_1_4.CassandraClientMain - progress = 14, time = 942574688
2022-05-08/03:21:36.748  INFO: datastax_3_1_4.CassandraClientMain - progress = 15, time = 945880210
2022-05-08/03:21:36.752  INFO: datastax_3_1_4.CassandraClientMain - progress = 16, time = 949437252
2022-05-08/03:21:36.756  INFO: datastax_3_1_4.CassandraClientMain - progress = 17, time = 953242824
2022-05-08/03:21:36.761  INFO: datastax_3_1_4.CassandraClientMain - progress = 18, time = 958036295
2022-05-08/03:21:36.765  INFO: datastax_3_1_4.CassandraClientMain - progress = 19, time = 962050673
2022-05-08/03:21:36.768  INFO: datastax_3_1_4.CassandraClientMain - progress = 20, time = 965683811
2022-05-08/03:21:36.772  INFO: datastax_3_1_4.CassandraClientMain - progress = 21, time = 969024354
2022-05-08/03:21:36.775  INFO: datastax_3_1_4.CassandraClientMain - progress = 22, time = 972379835
2022-05-08/03:21:36.779  INFO: datastax_3_1_4.CassandraClientMain - progress = 23, time = 976294851
2022-05-08/03:21:36.784  INFO: datastax_3_1_4.CassandraClientMain - progress = 24, time = 980857115
2022-05-08/03:21:36.788  INFO: datastax_3_1_4.CassandraClientMain - progress = 25, time = 985273654
2022-05-08/03:21:36.792  INFO: datastax_3_1_4.CassandraClientMain - progress = 26, time = 989379890
2022-05-08/03:21:36.795  INFO: datastax_3_1_4.CassandraClientMain - progress = 27, time = 992922170
2022-05-08/03:21:36.799  INFO: datastax_3_1_4.CassandraClientMain - progress = 28, time = 996423727
2022-05-08/03:21:36.802  INFO: datastax_3_1_4.CassandraClientMain - progress = 29, time = 999658563
2022-05-08/03:21:36.806  INFO: datastax_3_1_4.CassandraClientMain - progress = 30, time = 1003274565
2022-05-08/03:21:36.809  INFO: datastax_3_1_4.CassandraClientMain - progress = 31, time = 1006747463
2022-05-08/03:21:36.813  INFO: datastax_3_1_4.CassandraClientMain - progress = 32, time = 1010639114
2022-05-08/03:21:36.817  INFO: datastax_3_1_4.CassandraClientMain - progress = 33, time = 1014021981
2022-05-08/03:21:36.820  INFO: datastax_3_1_4.CassandraClientMain - progress = 34, time = 1017611141
2022-05-08/03:21:36.824  INFO: datastax_3_1_4.CassandraClientMain - progress = 35, time = 1021343560
2022-05-08/03:21:36.827  INFO: datastax_3_1_4.CassandraClientMain - progress = 36, time = 1024874015
2022-05-08/03:21:36.831  INFO: datastax_3_1_4.CassandraClientMain - progress = 37, time = 1028819078
2022-05-08/03:21:36.835  INFO: datastax_3_1_4.CassandraClientMain - progress = 38, time = 1032815822
2022-05-08/03:21:36.840  INFO: datastax_3_1_4.CassandraClientMain - progress = 39, time = 1037132514
2022-05-08/03:21:36.846  INFO: datastax_3_1_4.CassandraClientMain - progress = 40, time = 1043505687
2022-05-08/03:21:36.850  INFO: datastax_3_1_4.CassandraClientMain - progress = 41, time = 1047251810
2022-05-08/03:21:36.860  INFO: datastax_3_1_4.CassandraClientMain - progress = 42, time = 1057009021
2022-05-08/03:21:36.864  INFO: datastax_3_1_4.CassandraClientMain - progress = 43, time = 1061687492
2022-05-08/03:21:36.869  INFO: datastax_3_1_4.CassandraClientMain - progress = 44, time = 1066419925
2022-05-08/03:21:36.879  INFO: datastax_3_1_4.CassandraClientMain - progress = 45, time = 1076468668
2022-05-08/03:21:36.884  INFO: datastax_3_1_4.CassandraClientMain - progress = 46, time = 1081749519
2022-05-08/03:21:36.890  INFO: datastax_3_1_4.CassandraClientMain - progress = 47, time = 1087227148
2022-05-08/03:21:36.895  INFO: datastax_3_1_4.CassandraClientMain - progress = 48, time = 1092527428
2022-05-08/03:21:36.901  INFO: datastax_3_1_4.CassandraClientMain - progress = 49, time = 1098002019
2022-05-08/03:21:36.908  INFO: datastax_3_1_4.CassandraClientMain - progress = 50, time = 1105161388
2022-05-08/03:21:36.913  INFO: datastax_3_1_4.CassandraClientMain - progress = 51, time = 1110206525
2022-05-08/03:21:36.918  INFO: datastax_3_1_4.CassandraClientMain - progress = 52, time = 1115846163
2022-05-08/03:21:36.927  INFO: datastax_3_1_4.CassandraClientMain - progress = 53, time = 1124777668
2022-05-08/03:21:36.933  INFO: datastax_3_1_4.CassandraClientMain - progress = 54, time = 1130546793
2022-05-08/03:21:36.938  INFO: datastax_3_1_4.CassandraClientMain - progress = 55, time = 1135804517
2022-05-08/03:21:36.943  INFO: datastax_3_1_4.CassandraClientMain - progress = 56, time = 1140273681
2022-05-08/03:21:36.949  INFO: datastax_3_1_4.CassandraClientMain - progress = 57, time = 1145976561
2022-05-08/03:21:36.953  INFO: datastax_3_1_4.CassandraClientMain - progress = 58, time = 1150158793
2022-05-08/03:21:36.956  INFO: datastax_3_1_4.CassandraClientMain - progress = 59, time = 1153448270
2022-05-08/03:21:36.960  INFO: datastax_3_1_4.CassandraClientMain - progress = 60, time = 1156931497
2022-05-08/03:21:36.963  INFO: datastax_3_1_4.CassandraClientMain - progress = 61, time = 1160549262
2022-05-08/03:21:36.966  INFO: datastax_3_1_4.CassandraClientMain - progress = 62, time = 1163685440
2022-05-08/03:21:36.969  INFO: datastax_3_1_4.CassandraClientMain - progress = 63, time = 1166873588
2022-05-08/03:21:36.972  INFO: datastax_3_1_4.CassandraClientMain - progress = 64, time = 1169788871
2022-05-08/03:21:36.975  INFO: datastax_3_1_4.CassandraClientMain - progress = 65, time = 1172649602
2022-05-08/03:21:36.979  INFO: datastax_3_1_4.CassandraClientMain - progress = 66, time = 1175965178
2022-05-08/03:21:36.982  INFO: datastax_3_1_4.CassandraClientMain - progress = 67, time = 1179271571
2022-05-08/03:21:36.985  INFO: datastax_3_1_4.CassandraClientMain - progress = 68, time = 1182508889
2022-05-08/03:21:36.988  INFO: datastax_3_1_4.CassandraClientMain - progress = 69, time = 1185720898
2022-05-08/03:21:36.992  INFO: datastax_3_1_4.CassandraClientMain - progress = 70, time = 1189015144
2022-05-08/03:21:36.995  INFO: datastax_3_1_4.CassandraClientMain - progress = 71, time = 1192347050
2022-05-08/03:21:36.999  INFO: datastax_3_1_4.CassandraClientMain - progress = 72, time = 1196801667
2022-05-08/03:21:37.002  INFO: datastax_3_1_4.CassandraClientMain - progress = 73, time = 1199679025
2022-05-08/03:21:37.005  INFO: datastax_3_1_4.CassandraClientMain - progress = 74, time = 1202469369
2022-05-08/03:21:37.008  INFO: datastax_3_1_4.CassandraClientMain - progress = 75, time = 1205614553
2022-05-08/03:21:37.012  INFO: datastax_3_1_4.CassandraClientMain - progress = 76, time = 1209399433
2022-05-08/03:21:37.015  INFO: datastax_3_1_4.CassandraClientMain - progress = 77, time = 1212695776
2022-05-08/03:21:37.019  INFO: datastax_3_1_4.CassandraClientMain - progress = 78, time = 1215983528
2022-05-08/03:21:37.022  INFO: datastax_3_1_4.CassandraClientMain - progress = 79, time = 1219079120
2022-05-08/03:21:37.026  INFO: datastax_3_1_4.CassandraClientMain - progress = 80, time = 1222903575
2022-05-08/03:21:37.031  INFO: datastax_3_1_4.CassandraClientMain - progress = 81, time = 1228629233
2022-05-08/03:21:37.035  INFO: datastax_3_1_4.CassandraClientMain - progress = 82, time = 1232482654
2022-05-08/03:21:37.039  INFO: datastax_3_1_4.CassandraClientMain - progress = 83, time = 1236122152
2022-05-08/03:21:37.044  INFO: datastax_3_1_4.CassandraClientMain - progress = 84, time = 1241079842
2022-05-08/03:21:37.048  INFO: datastax_3_1_4.CassandraClientMain - progress = 85, time = 1245149339
2022-05-08/03:21:37.053  INFO: datastax_3_1_4.CassandraClientMain - progress = 86, time = 1250508817
2022-05-08/03:21:37.061  INFO: datastax_3_1_4.CassandraClientMain - progress = 87, time = 1258652265
2022-05-08/03:21:37.066  INFO: datastax_3_1_4.CassandraClientMain - progress = 88, time = 1263535208
2022-05-08/03:21:37.072  INFO: datastax_3_1_4.CassandraClientMain - progress = 89, time = 1269828010
2022-05-08/03:21:37.077  INFO: datastax_3_1_4.CassandraClientMain - progress = 90, time = 1274229004
2022-05-08/03:21:37.081  INFO: datastax_3_1_4.CassandraClientMain - progress = 91, time = 1278077237
2022-05-08/03:21:37.085  INFO: datastax_3_1_4.CassandraClientMain - progress = 92, time = 1282652044
2022-05-08/03:21:37.089  INFO: datastax_3_1_4.CassandraClientMain - progress = 93, time = 1286497332
2022-05-08/03:21:37.093  INFO: datastax_3_1_4.CassandraClientMain - progress = 94, time = 1290640017
2022-05-08/03:21:37.099  INFO: datastax_3_1_4.CassandraClientMain - progress = 95, time = 1296314015
2022-05-08/03:21:37.103  INFO: datastax_3_1_4.CassandraClientMain - progress = 96, time = 1300772949
2022-05-08/03:21:37.110  INFO: datastax_3_1_4.CassandraClientMain - progress = 97, time = 1307446955
2022-05-08/03:21:37.116  INFO: datastax_3_1_4.CassandraClientMain - progress = 98, time = 1313322203
2022-05-08/03:21:37.123  INFO: datastax_3_1_4.CassandraClientMain - progress = 99, time = 1320504567
2022-05-08/03:21:37.128  INFO: datastax_3_1_4.CassandraClientMain - progress = 100, time = 1325703497
2022-05-08/03:21:37.139  INFO: datastax_3_1_4.CassandraClientMain - progress = 101, time = 1336881232
2022-05-08/03:21:37.151  INFO: datastax_3_1_4.CassandraClientMain - progress = 102, time = 1348151645
2022-05-08/03:21:37.155  INFO: datastax_3_1_4.CassandraClientMain - progress = 103, time = 1352245991
2022-05-08/03:21:37.159  INFO: datastax_3_1_4.CassandraClientMain - progress = 104, time = 1356636069
2022-05-08/03:21:37.164  INFO: datastax_3_1_4.CassandraClientMain - progress = 105, time = 1361116554
2022-05-08/03:21:37.171  INFO: datastax_3_1_4.CassandraClientMain - progress = 106, time = 1368644065
2022-05-08/03:21:37.178  INFO: datastax_3_1_4.CassandraClientMain - progress = 107, time = 1375281315
2022-05-08/03:21:37.183  INFO: datastax_3_1_4.CassandraClientMain - progress = 108, time = 1379957431
2022-05-08/03:21:37.187  INFO: datastax_3_1_4.CassandraClientMain - progress = 109, time = 1384276944
2022-05-08/03:21:37.191  INFO: datastax_3_1_4.CassandraClientMain - progress = 110, time = 1388391162
2022-05-08/03:21:37.195  INFO: datastax_3_1_4.CassandraClientMain - progress = 111, time = 1392825641
2022-05-08/03:21:37.198  INFO: datastax_3_1_4.CassandraClientMain - progress = 112, time = 1395758652
2022-05-08/03:21:37.201  INFO: datastax_3_1_4.CassandraClientMain - progress = 113, time = 1398812874
2022-05-08/03:21:37.205  INFO: datastax_3_1_4.CassandraClientMain - progress = 114, time = 1402138568
2022-05-08/03:21:37.208  INFO: datastax_3_1_4.CassandraClientMain - progress = 115, time = 1405408885
2022-05-08/03:21:37.213  INFO: datastax_3_1_4.CassandraClientMain - progress = 116, time = 1409965676
2022-05-08/03:21:37.216  INFO: datastax_3_1_4.CassandraClientMain - progress = 117, time = 1413666302
2022-05-08/03:21:37.219  INFO: datastax_3_1_4.CassandraClientMain - progress = 118, time = 1416849774
2022-05-08/03:21:37.223  INFO: datastax_3_1_4.CassandraClientMain - progress = 119, time = 1420383046
2022-05-08/03:21:37.227  INFO: datastax_3_1_4.CassandraClientMain - progress = 120, time = 1424515709
2022-05-08/03:21:37.231  INFO: datastax_3_1_4.CassandraClientMain - progress = 121, time = 1428404234
2022-05-08/03:21:37.239  INFO: datastax_3_1_4.CassandraClientMain - progress = 122, time = 1436552723
2022-05-08/03:21:37.243  INFO: datastax_3_1_4.CassandraClientMain - progress = 123, time = 1440133511
2022-05-08/03:21:37.246  INFO: datastax_3_1_4.CassandraClientMain - progress = 124, time = 1443591015
2022-05-08/03:21:37.250  INFO: datastax_3_1_4.CassandraClientMain - progress = 125, time = 1446970967
2022-05-08/03:21:37.258  INFO: datastax_3_1_4.CassandraClientMain - progress = 126, time = 1455016085
2022-05-08/03:21:37.263  INFO: datastax_3_1_4.CassandraClientMain - progress = 127, time = 1460927449
2022-05-08/03:21:37.270  INFO: datastax_3_1_4.CassandraClientMain - progress = 128, time = 1467040012
2022-05-08/03:21:37.279  INFO: datastax_3_1_4.CassandraClientMain - progress = 129, time = 1476554257
2022-05-08/03:21:37.283  INFO: datastax_3_1_4.CassandraClientMain - progress = 130, time = 1479975672
2022-05-08/03:21:37.287  INFO: datastax_3_1_4.CassandraClientMain - progress = 131, time = 1484039443
2022-05-08/03:21:37.293  INFO: datastax_3_1_4.CassandraClientMain - progress = 132, time = 1490185555
2022-05-08/03:21:37.303  INFO: datastax_3_1_4.CassandraClientMain - progress = 133, time = 1500486566
2022-05-08/03:21:37.307  INFO: datastax_3_1_4.CassandraClientMain - progress = 134, time = 1504424897
2022-05-08/03:21:37.311  INFO: datastax_3_1_4.CassandraClientMain - progress = 135, time = 1507938034
2022-05-08/03:21:37.314  INFO: datastax_3_1_4.CassandraClientMain - progress = 136, time = 1511877239
2022-05-08/03:21:37.319  INFO: datastax_3_1_4.CassandraClientMain - progress = 137, time = 1515980129
2022-05-08/03:21:37.323  INFO: datastax_3_1_4.CassandraClientMain - progress = 138, time = 1520602782
2022-05-08/03:21:37.330  INFO: datastax_3_1_4.CassandraClientMain - progress = 139, time = 1527875419
2022-05-08/03:21:37.334  INFO: datastax_3_1_4.CassandraClientMain - progress = 140, time = 1531838878
2022-05-08/03:21:37.338  INFO: datastax_3_1_4.CassandraClientMain - progress = 141, time = 1535922073
2022-05-08/03:21:37.345  INFO: datastax_3_1_4.CassandraClientMain - progress = 142, time = 1542059685
2022-05-08/03:21:37.355  INFO: datastax_3_1_4.CassandraClientMain - progress = 143, time = 1551945347
2022-05-08/03:21:37.359  INFO: datastax_3_1_4.CassandraClientMain - progress = 144, time = 1556071895
2022-05-08/03:21:37.362  INFO: datastax_3_1_4.CassandraClientMain - progress = 145, time = 1559738858
2022-05-08/03:21:37.370  INFO: datastax_3_1_4.CassandraClientMain - progress = 146, time = 1567914221
2022-05-08/03:21:37.375  INFO: datastax_3_1_4.CassandraClientMain - progress = 147, time = 1572131508
2022-05-08/03:21:37.379  INFO: datastax_3_1_4.CassandraClientMain - progress = 148, time = 1576120819
2022-05-08/03:21:37.382  INFO: datastax_3_1_4.CassandraClientMain - progress = 149, time = 1579318534
2022-05-08/03:21:37.385  INFO: datastax_3_1_4.CassandraClientMain - progress = 150, time = 1581994753
2022-05-08/03:21:37.387  INFO: datastax_3_1_4.CassandraClientMain - progress = 151, time = 1584901814
2022-05-08/03:21:37.390  INFO: datastax_3_1_4.CassandraClientMain - progress = 152, time = 1587729075
2022-05-08/03:21:37.393  INFO: datastax_3_1_4.CassandraClientMain - progress = 153, time = 1590776403
2022-05-08/03:21:37.397  INFO: datastax_3_1_4.CassandraClientMain - progress = 154, time = 1594064574
2022-05-08/03:21:37.400  INFO: datastax_3_1_4.CassandraClientMain - progress = 155, time = 1597604948
2022-05-08/03:21:37.403  INFO: datastax_3_1_4.CassandraClientMain - progress = 156, time = 1600648568
2022-05-08/03:21:37.407  INFO: datastax_3_1_4.CassandraClientMain - progress = 157, time = 1604595879
2022-05-08/03:21:37.411  INFO: datastax_3_1_4.CassandraClientMain - progress = 158, time = 1608060986
2022-05-08/03:21:37.414  INFO: datastax_3_1_4.CassandraClientMain - progress = 159, time = 1611610118
2022-05-08/03:21:37.418  INFO: datastax_3_1_4.CassandraClientMain - progress = 160, time = 1614983835
2022-05-08/03:21:37.421  INFO: datastax_3_1_4.CassandraClientMain - progress = 161, time = 1618083769
2022-05-08/03:21:37.424  INFO: datastax_3_1_4.CassandraClientMain - progress = 162, time = 1621112053
2022-05-08/03:21:37.427  INFO: datastax_3_1_4.CassandraClientMain - progress = 163, time = 1624274694
2022-05-08/03:21:37.430  INFO: datastax_3_1_4.CassandraClientMain - progress = 164, time = 1626961807
2022-05-08/03:21:37.432  INFO: datastax_3_1_4.CassandraClientMain - progress = 165, time = 1629807597
2022-05-08/03:21:37.435  INFO: datastax_3_1_4.CassandraClientMain - progress = 166, time = 1632536103
2022-05-08/03:21:37.438  INFO: datastax_3_1_4.CassandraClientMain - progress = 167, time = 1635551572
2022-05-08/03:21:37.441  INFO: datastax_3_1_4.CassandraClientMain - progress = 168, time = 1638692977
2022-05-08/03:21:37.445  INFO: datastax_3_1_4.CassandraClientMain - progress = 169, time = 1642322360
2022-05-08/03:21:37.448  INFO: datastax_3_1_4.CassandraClientMain - progress = 170, time = 1645169923
2022-05-08/03:21:37.451  INFO: datastax_3_1_4.CassandraClientMain - progress = 171, time = 1648079053
2022-05-08/03:21:37.454  INFO: datastax_3_1_4.CassandraClientMain - progress = 172, time = 1650948609
2022-05-08/03:21:37.457  INFO: datastax_3_1_4.CassandraClientMain - progress = 173, time = 1653991937
2022-05-08/03:21:37.459  INFO: datastax_3_1_4.CassandraClientMain - progress = 174, time = 1656717256
2022-05-08/03:21:37.464  INFO: datastax_3_1_4.CassandraClientMain - progress = 175, time = 1661469897
2022-05-08/03:21:37.467  INFO: datastax_3_1_4.CassandraClientMain - progress = 176, time = 1664305726
2022-05-08/03:21:37.470  INFO: datastax_3_1_4.CassandraClientMain - progress = 177, time = 1667299938
2022-05-08/03:21:37.473  INFO: datastax_3_1_4.CassandraClientMain - progress = 178, time = 1669978065
2022-05-08/03:21:37.476  INFO: datastax_3_1_4.CassandraClientMain - progress = 179, time = 1673131735
2022-05-08/03:21:37.479  INFO: datastax_3_1_4.CassandraClientMain - progress = 180, time = 1676339752
2022-05-08/03:21:37.482  INFO: datastax_3_1_4.CassandraClientMain - progress = 181, time = 1679087794
2022-05-08/03:21:37.484  INFO: datastax_3_1_4.CassandraClientMain - progress = 182, time = 1681331302
2022-05-08/03:21:37.487  INFO: datastax_3_1_4.CassandraClientMain - progress = 183, time = 1684095543
2022-05-08/03:21:37.490  INFO: datastax_3_1_4.CassandraClientMain - progress = 184, time = 1686969678
2022-05-08/03:21:37.493  INFO: datastax_3_1_4.CassandraClientMain - progress = 185, time = 1690280007
2022-05-08/03:21:37.495  INFO: datastax_3_1_4.CassandraClientMain - progress = 186, time = 1692935454
2022-05-08/03:21:37.498  INFO: datastax_3_1_4.CassandraClientMain - progress = 187, time = 1695402307
2022-05-08/03:21:37.501  INFO: datastax_3_1_4.CassandraClientMain - progress = 188, time = 1698312193
2022-05-08/03:21:37.503  INFO: datastax_3_1_4.CassandraClientMain - progress = 189, time = 1700852555
2022-05-08/03:21:37.507  INFO: datastax_3_1_4.CassandraClientMain - progress = 190, time = 1704084700
2022-05-08/03:21:37.510  INFO: datastax_3_1_4.CassandraClientMain - progress = 191, time = 1707200577
2022-05-08/03:21:37.513  INFO: datastax_3_1_4.CassandraClientMain - progress = 192, time = 1710217872
2022-05-08/03:21:37.516  INFO: datastax_3_1_4.CassandraClientMain - progress = 193, time = 1713608898
2022-05-08/03:21:37.519  INFO: datastax_3_1_4.CassandraClientMain - progress = 194, time = 1716250563
2022-05-08/03:21:37.521  INFO: datastax_3_1_4.CassandraClientMain - progress = 195, time = 1718733318
2022-05-08/03:21:37.524  INFO: datastax_3_1_4.CassandraClientMain - progress = 196, time = 1721481349
2022-05-08/03:21:37.528  INFO: datastax_3_1_4.CassandraClientMain - progress = 197, time = 1725168939
2022-05-08/03:21:37.531  INFO: datastax_3_1_4.CassandraClientMain - progress = 198, time = 1728508344
2022-05-08/03:21:37.533  INFO: datastax_3_1_4.CassandraClientMain - progress = 199, time = 1730782305
2022-05-08/03:21:37.536  INFO: datastax_3_1_4.CassandraClientMain - progress = 200, time = 1733180441
2022-05-08/03:21:37.537 DEBUG: core.Connection - Connection[/127.0.0.1:9047-2, inFlight=0, closed=true] closing connection
2022-05-08/03:21:37.537 DEBUG: Host.STATES - [/127.0.0.1:9047] Connection[/127.0.0.1:9047-2, inFlight=0, closed=true] closed, remaining = 1
2022-05-08/03:21:37.539 DEBUG: core.Connection - Connection[/127.0.0.2:9047-1, inFlight=0, closed=true] closing connection
2022-05-08/03:21:37.539 DEBUG: Host.STATES - [/127.0.0.2:9047] Connection[/127.0.0.2:9047-1, inFlight=0, closed=true] closed, remaining = 0
2022-05-08/03:21:37.539 DEBUG: core.Connection - Connection[/127.0.0.3:9047-1, inFlight=0, closed=true] closing connection
2022-05-08/03:21:37.540 DEBUG: Host.STATES - [/127.0.0.3:9047] Connection[/127.0.0.3:9047-1, inFlight=0, closed=true] closed, remaining = 0
2022-05-08/03:21:37.540 DEBUG: core.Cluster - Shutting down
2022-05-08/03:21:37.542 DEBUG: core.Connection - Connection[/127.0.0.1:9047-1, inFlight=0, closed=true] closing connection
2022-05-08/03:21:37.542 DEBUG: Host.STATES - [/127.0.0.1:9047] Connection[/127.0.0.1:9047-1, inFlight=0, closed=true] closed, remaining = 0
2022-05-08/03:21:39.749 DEBUG: buffer.PoolThreadCache - Freed 4 thread-local buffer(s) from thread: cluster1-nio-worker-4
2022-05-08/03:21:39.749 DEBUG: buffer.PoolThreadCache - Freed 4 thread-local buffer(s) from thread: cluster1-nio-worker-6
2022-05-08/03:21:39.749 DEBUG: buffer.PoolThreadCache - Freed 33 thread-local buffer(s) from thread: cluster1-nio-worker-2
2022-05-08/03:21:39.749 DEBUG: buffer.PoolThreadCache - Freed 26 thread-local buffer(s) from thread: cluster1-nio-worker-0
