2022-05-08/03:21:35.839  INFO: datastax_3_1_4.CassandraClientMain - My process's pid is 5734
2022-05-08/03:21:35.840  INFO: datastax_3_1_4.CassandraClientMain - running command [read, 10, 127.0.0.2, 9047]
2022-05-08/03:21:35.899 DEBUG: core.SystemProperties - com.datastax.driver.NEW_NODE_DELAY_SECONDS is undefined, using default value 1
2022-05-08/03:21:35.903 DEBUG: core.SystemProperties - com.datastax.driver.NOTIF_LOCK_TIMEOUT_SECONDS is undefined, using default value 60
2022-05-08/03:21:35.921 DEBUG: core.SystemProperties - com.datastax.driver.USE_NATIVE_CLOCK is undefined, using default value true
2022-05-08/03:21:36.114  INFO: core.ClockFactory - Using native clock to generate timestamps.
2022-05-08/03:21:36.121 DEBUG: core.SystemProperties - com.datastax.driver.NON_BLOCKING_EXECUTOR_SIZE is undefined, using default value 20
2022-05-08/03:21:36.174 DEBUG: core.Cluster - Starting new cluster with contact points [/127.0.0.2:9047]
2022-05-08/03:21:36.191 DEBUG: logging.InternalLoggerFactory - Using SLF4J as the default logging framework
2022-05-08/03:21:36.200 DEBUG: internal.PlatformDependent0 - java.nio.Buffer.address: available
2022-05-08/03:21:36.201 DEBUG: internal.PlatformDependent0 - sun.misc.Unsafe.theUnsafe: available
2022-05-08/03:21:36.201 DEBUG: internal.PlatformDependent0 - sun.misc.Unsafe.copyMemory: available
2022-05-08/03:21:36.201 DEBUG: internal.PlatformDependent0 - java.nio.Bits.unaligned: true
2022-05-08/03:21:36.202 DEBUG: internal.PlatformDependent0 - java.nio.DirectByteBuffer.<init>(long, int): available
2022-05-08/03:21:36.202 DEBUG: internal.PlatformDependent - Java version: 8
2022-05-08/03:21:36.203 DEBUG: internal.PlatformDependent - -Dio.netty.noUnsafe: false
2022-05-08/03:21:36.203 DEBUG: internal.PlatformDependent - sun.misc.Unsafe: available
2022-05-08/03:21:36.203 DEBUG: internal.PlatformDependent - -Dio.netty.noJavassist: false
2022-05-08/03:21:36.204 DEBUG: internal.PlatformDependent - Javassist: unavailable
2022-05-08/03:21:36.204 DEBUG: internal.PlatformDependent - You don't have Javassist in your class path or you don't have enough permission to load dynamically generated classes.  Please check the configuration for better performance.
2022-05-08/03:21:36.204 DEBUG: internal.PlatformDependent - -Dio.netty.tmpdir: /tmp (java.io.tmpdir)
2022-05-08/03:21:36.204 DEBUG: internal.PlatformDependent - -Dio.netty.bitMode: 64 (sun.arch.data.model)
2022-05-08/03:21:36.204 DEBUG: internal.PlatformDependent - -Dio.netty.noPreferDirect: false
2022-05-08/03:21:36.204 DEBUG: internal.PlatformDependent - io.netty.maxDirectMemory: 7393509376 bytes
2022-05-08/03:21:36.212 DEBUG: core.SystemProperties - com.datastax.driver.FORCE_NIO is undefined, using default value false
2022-05-08/03:21:36.213  INFO: core.NettyUtil - Did not find Netty's native epoll transport in the classpath, defaulting to NIO.
2022-05-08/03:21:36.215 DEBUG: channel.MultithreadEventLoopGroup - -Dio.netty.eventLoopThreads: 40
2022-05-08/03:21:36.223 DEBUG: nio.NioEventLoop - -Dio.netty.noKeySetOptimization: false
2022-05-08/03:21:36.223 DEBUG: nio.NioEventLoop - -Dio.netty.selectorAutoRebuildThreshold: 512
2022-05-08/03:21:36.238 DEBUG: util.ResourceLeakDetector - -Dio.netty.leakDetection.level: simple
2022-05-08/03:21:36.239 DEBUG: util.ResourceLeakDetector - -Dio.netty.leakDetection.maxRecords: 4
2022-05-08/03:21:36.244 DEBUG: core.SystemProperties - com.datastax.driver.EXTENDED_PEER_CHECK is undefined, using default value true
2022-05-08/03:21:36.383 DEBUG: Host.STATES - [/127.0.0.2:9047] preparing to open 1 new connections, total = 1
2022-05-08/03:21:36.385 DEBUG: core.SystemProperties - com.datastax.driver.DISABLE_COALESCING is undefined, using default value false
2022-05-08/03:21:36.406 DEBUG: buffer.PooledByteBufAllocator - -Dio.netty.allocator.numHeapArenas: 40
2022-05-08/03:21:36.406 DEBUG: buffer.PooledByteBufAllocator - -Dio.netty.allocator.numDirectArenas: 40
2022-05-08/03:21:36.406 DEBUG: buffer.PooledByteBufAllocator - -Dio.netty.allocator.pageSize: 8192
2022-05-08/03:21:36.406 DEBUG: buffer.PooledByteBufAllocator - -Dio.netty.allocator.maxOrder: 11
2022-05-08/03:21:36.406 DEBUG: buffer.PooledByteBufAllocator - -Dio.netty.allocator.chunkSize: 16777216
2022-05-08/03:21:36.406 DEBUG: buffer.PooledByteBufAllocator - -Dio.netty.allocator.tinyCacheSize: 512
2022-05-08/03:21:36.406 DEBUG: buffer.PooledByteBufAllocator - -Dio.netty.allocator.smallCacheSize: 256
2022-05-08/03:21:36.406 DEBUG: buffer.PooledByteBufAllocator - -Dio.netty.allocator.normalCacheSize: 64
2022-05-08/03:21:36.406 DEBUG: buffer.PooledByteBufAllocator - -Dio.netty.allocator.maxCachedBufferCapacity: 32768
2022-05-08/03:21:36.406 DEBUG: buffer.PooledByteBufAllocator - -Dio.netty.allocator.cacheTrimInterval: 8192
2022-05-08/03:21:36.423 DEBUG: internal.ThreadLocalRandom - -Dio.netty.initialSeedUniquifier: 0x023f833f7ec5ff80 (took 0 ms)
2022-05-08/03:21:36.438 DEBUG: buffer.ByteBufUtil - -Dio.netty.allocator.type: unpooled
2022-05-08/03:21:36.438 DEBUG: buffer.ByteBufUtil - -Dio.netty.threadLocalDirectBufferSize: 65536
2022-05-08/03:21:36.438 DEBUG: buffer.ByteBufUtil - -Dio.netty.maxThreadLocalCharBufferSize: 16384
2022-05-08/03:21:36.461 DEBUG: core.Connection - Connection[/127.0.0.2:9047-1, inFlight=0, closed=false] Connection established, initializing transport
2022-05-08/03:21:36.475 DEBUG: util.Recycler - -Dio.netty.recycler.maxCapacity.default: 262144
2022-05-08/03:21:36.475 DEBUG: util.Recycler - -Dio.netty.recycler.linkCapacity: 16
2022-05-08/03:21:36.492 DEBUG: buffer.AbstractByteBuf - -Dio.netty.buffer.bytebuf.checkAccessible: true
2022-05-08/03:21:36.533 DEBUG: core.SystemProperties - com.datastax.driver.NATIVE_TRANSPORT_MAX_FRAME_SIZE_IN_MB is undefined, using default value 256
2022-05-08/03:21:36.535 DEBUG: Host.STATES - [/127.0.0.2:9047] Connection[/127.0.0.2:9047-1, inFlight=0, closed=false] Transport initialized, connection ready
2022-05-08/03:21:36.536 DEBUG: core.ControlConnection - [Control connection] Refreshing node list and token map
2022-05-08/03:21:36.576 DEBUG: core.ControlConnection - [Control connection] Refreshing schema
2022-05-08/03:21:36.702 DEBUG: Host.STATES - [Control connection] established to /127.0.0.2:9047
2022-05-08/03:21:36.704  INFO: core.Cluster - New Cassandra host /127.0.0.1:9047 added
2022-05-08/03:21:36.704  INFO: core.Cluster - New Cassandra host /127.0.0.2:9047 added
2022-05-08/03:21:36.704  INFO: core.Cluster - New Cassandra host /127.0.0.3:9047 added
2022-05-08/03:21:36.708 DEBUG: core.SystemProperties - com.datastax.driver.CHECK_IO_DEADLOCKS is undefined, using default value true
2022-05-08/03:21:36.711 DEBUG: Host.STATES - [/127.0.0.1:9047] preparing to open 1 new connections, total = 1
2022-05-08/03:21:36.714 DEBUG: core.Connection - Connection[/127.0.0.1:9047-1, inFlight=0, closed=false] Connection established, initializing transport
2022-05-08/03:21:36.717 DEBUG: Host.STATES - [/127.0.0.2:9047] preparing to open 1 new connections, total = 2
2022-05-08/03:21:36.720 DEBUG: Host.STATES - [/127.0.0.3:9047] preparing to open 1 new connections, total = 1
2022-05-08/03:21:36.721 DEBUG: core.Connection - Connection[/127.0.0.2:9047-2, inFlight=0, closed=false] Connection established, initializing transport
2022-05-08/03:21:36.722 DEBUG: core.Connection - Connection[/127.0.0.3:9047-1, inFlight=0, closed=false] Connection established, initializing transport
2022-05-08/03:21:36.724 DEBUG: Host.STATES - [/127.0.0.1:9047] Connection[/127.0.0.1:9047-1, inFlight=0, closed=false] Transport initialized, connection ready
2022-05-08/03:21:36.727 DEBUG: core.HostConnectionPool - Created connection pool to host /127.0.0.1:9047 (1 connections needed, 1 successfully opened)
2022-05-08/03:21:36.728 DEBUG: core.Session - Added connection pool for /127.0.0.1:9047
2022-05-08/03:21:36.729 DEBUG: Host.STATES - [/127.0.0.3:9047] Connection[/127.0.0.3:9047-1, inFlight=0, closed=false] Transport initialized, connection ready
2022-05-08/03:21:36.730 DEBUG: core.HostConnectionPool - Created connection pool to host /127.0.0.3:9047 (1 connections needed, 1 successfully opened)
2022-05-08/03:21:36.730 DEBUG: core.Session - Added connection pool for /127.0.0.3:9047
2022-05-08/03:21:36.731 DEBUG: Host.STATES - [/127.0.0.2:9047] Connection[/127.0.0.2:9047-2, inFlight=0, closed=false] Transport initialized, connection ready
2022-05-08/03:21:36.731 DEBUG: core.HostConnectionPool - Created connection pool to host /127.0.0.2:9047 (1 connections needed, 1 successfully opened)
2022-05-08/03:21:36.731 DEBUG: core.Session - Added connection pool for /127.0.0.2:9047
2022-05-08/03:21:36.751 DEBUG: core.Connection - Connection[/127.0.0.2:9047-2, inFlight=1, closed=false] Setting keyspace gray_space
2022-05-08/03:21:36.753 DEBUG: core.Connection - Connection[/127.0.0.2:9047-2, inFlight=1, closed=false] Keyspace set to gray_space
2022-05-08/03:21:36.759  INFO: datastax_3_1_4.CassandraClientMain - progress = 1, time = 934048526
2022-05-08/03:21:36.763  INFO: datastax_3_1_4.CassandraClientMain - progress = 2, time = 938769315
2022-05-08/03:21:36.768  INFO: datastax_3_1_4.CassandraClientMain - progress = 3, time = 942934116
2022-05-08/03:21:36.772  INFO: datastax_3_1_4.CassandraClientMain - progress = 4, time = 947024277
2022-05-08/03:21:36.776  INFO: datastax_3_1_4.CassandraClientMain - progress = 5, time = 950850449
2022-05-08/03:21:36.780  INFO: datastax_3_1_4.CassandraClientMain - progress = 6, time = 955261087
2022-05-08/03:21:36.785  INFO: datastax_3_1_4.CassandraClientMain - progress = 7, time = 960182664
2022-05-08/03:21:36.789  INFO: datastax_3_1_4.CassandraClientMain - progress = 8, time = 964160151
2022-05-08/03:21:36.793  INFO: datastax_3_1_4.CassandraClientMain - progress = 9, time = 968546936
2022-05-08/03:21:36.797  INFO: datastax_3_1_4.CassandraClientMain - progress = 10, time = 972263062
2022-05-08/03:21:36.801  INFO: datastax_3_1_4.CassandraClientMain - progress = 11, time = 976287327
2022-05-08/03:21:36.804  INFO: datastax_3_1_4.CassandraClientMain - progress = 12, time = 979498369
2022-05-08/03:21:36.824  INFO: datastax_3_1_4.CassandraClientMain - progress = 13, time = 999181102
2022-05-08/03:21:36.829  INFO: datastax_3_1_4.CassandraClientMain - progress = 14, time = 1004106673
2022-05-08/03:21:36.834  INFO: datastax_3_1_4.CassandraClientMain - progress = 15, time = 1009308771
2022-05-08/03:21:36.840  INFO: datastax_3_1_4.CassandraClientMain - progress = 16, time = 1014858856
2022-05-08/03:21:36.844  INFO: datastax_3_1_4.CassandraClientMain - progress = 17, time = 1019464262
2022-05-08/03:21:36.849  INFO: datastax_3_1_4.CassandraClientMain - progress = 18, time = 1024006752
2022-05-08/03:21:36.853  INFO: datastax_3_1_4.CassandraClientMain - progress = 19, time = 1028202699
2022-05-08/03:21:36.865  INFO: datastax_3_1_4.CassandraClientMain - progress = 20, time = 1040789777
2022-05-08/03:21:36.874  INFO: datastax_3_1_4.CassandraClientMain - progress = 21, time = 1049730488
2022-05-08/03:21:36.880  INFO: datastax_3_1_4.CassandraClientMain - progress = 22, time = 1055553747
2022-05-08/03:21:36.886  INFO: datastax_3_1_4.CassandraClientMain - progress = 23, time = 1061282601
2022-05-08/03:21:36.891  INFO: datastax_3_1_4.CassandraClientMain - progress = 24, time = 1065969057
2022-05-08/03:21:36.904  INFO: datastax_3_1_4.CassandraClientMain - progress = 25, time = 1078871300
2022-05-08/03:21:36.910  INFO: datastax_3_1_4.CassandraClientMain - progress = 26, time = 1084840972
2022-05-08/03:21:36.915  INFO: datastax_3_1_4.CassandraClientMain - progress = 27, time = 1090221756
2022-05-08/03:21:36.927  INFO: datastax_3_1_4.CassandraClientMain - progress = 28, time = 1102673409
2022-05-08/03:21:36.934  INFO: datastax_3_1_4.CassandraClientMain - progress = 29, time = 1109157363
2022-05-08/03:21:36.938  INFO: datastax_3_1_4.CassandraClientMain - progress = 30, time = 1113494510
2022-05-08/03:21:36.944  INFO: datastax_3_1_4.CassandraClientMain - progress = 31, time = 1119022309
2022-05-08/03:21:36.949  INFO: datastax_3_1_4.CassandraClientMain - progress = 32, time = 1124339113
2022-05-08/03:21:36.953  INFO: datastax_3_1_4.CassandraClientMain - progress = 33, time = 1128420190
2022-05-08/03:21:36.957  INFO: datastax_3_1_4.CassandraClientMain - progress = 34, time = 1131913846
2022-05-08/03:21:36.961  INFO: datastax_3_1_4.CassandraClientMain - progress = 35, time = 1135943955
2022-05-08/03:21:36.964  INFO: datastax_3_1_4.CassandraClientMain - progress = 36, time = 1139329676
2022-05-08/03:21:36.967  INFO: datastax_3_1_4.CassandraClientMain - progress = 37, time = 1142779268
2022-05-08/03:21:36.971  INFO: datastax_3_1_4.CassandraClientMain - progress = 38, time = 1145896728
2022-05-08/03:21:36.974  INFO: datastax_3_1_4.CassandraClientMain - progress = 39, time = 1149508480
2022-05-08/03:21:36.977  INFO: datastax_3_1_4.CassandraClientMain - progress = 40, time = 1152553232
2022-05-08/03:21:36.981  INFO: datastax_3_1_4.CassandraClientMain - progress = 41, time = 1156234909
2022-05-08/03:21:36.985  INFO: datastax_3_1_4.CassandraClientMain - progress = 42, time = 1159895209
2022-05-08/03:21:36.988  INFO: datastax_3_1_4.CassandraClientMain - progress = 43, time = 1163659867
2022-05-08/03:21:36.992  INFO: datastax_3_1_4.CassandraClientMain - progress = 44, time = 1167130171
2022-05-08/03:21:36.996  INFO: datastax_3_1_4.CassandraClientMain - progress = 45, time = 1170847196
2022-05-08/03:21:36.999  INFO: datastax_3_1_4.CassandraClientMain - progress = 46, time = 1174647878
2022-05-08/03:21:37.003  INFO: datastax_3_1_4.CassandraClientMain - progress = 47, time = 1178242722
2022-05-08/03:21:37.007  INFO: datastax_3_1_4.CassandraClientMain - progress = 48, time = 1182284636
2022-05-08/03:21:37.011  INFO: datastax_3_1_4.CassandraClientMain - progress = 49, time = 1185834642
2022-05-08/03:21:37.014  INFO: datastax_3_1_4.CassandraClientMain - progress = 50, time = 1189566724
2022-05-08/03:21:37.018  INFO: datastax_3_1_4.CassandraClientMain - progress = 51, time = 1193543796
2022-05-08/03:21:37.022  INFO: datastax_3_1_4.CassandraClientMain - progress = 52, time = 1197116951
2022-05-08/03:21:37.031  INFO: datastax_3_1_4.CassandraClientMain - progress = 53, time = 1206553188
2022-05-08/03:21:37.035  INFO: datastax_3_1_4.CassandraClientMain - progress = 54, time = 1210730618
2022-05-08/03:21:37.040  INFO: datastax_3_1_4.CassandraClientMain - progress = 55, time = 1214921134
2022-05-08/03:21:37.044  INFO: datastax_3_1_4.CassandraClientMain - progress = 56, time = 1219081333
2022-05-08/03:21:37.049  INFO: datastax_3_1_4.CassandraClientMain - progress = 57, time = 1223965121
2022-05-08/03:21:37.053  INFO: datastax_3_1_4.CassandraClientMain - progress = 58, time = 1228531984
2022-05-08/03:21:37.062  INFO: datastax_3_1_4.CassandraClientMain - progress = 59, time = 1237239879
2022-05-08/03:21:37.066  INFO: datastax_3_1_4.CassandraClientMain - progress = 60, time = 1241714899
2022-05-08/03:21:37.077  INFO: datastax_3_1_4.CassandraClientMain - progress = 61, time = 1252049868
2022-05-08/03:21:37.082  INFO: datastax_3_1_4.CassandraClientMain - progress = 62, time = 1257629674
2022-05-08/03:21:37.089  INFO: datastax_3_1_4.CassandraClientMain - progress = 63, time = 1264312182
2022-05-08/03:21:37.094  INFO: datastax_3_1_4.CassandraClientMain - progress = 64, time = 1269070069
2022-05-08/03:21:37.099  INFO: datastax_3_1_4.CassandraClientMain - progress = 65, time = 1274111306
2022-05-08/03:21:37.109  INFO: datastax_3_1_4.CassandraClientMain - progress = 66, time = 1284252300
2022-05-08/03:21:37.121  INFO: datastax_3_1_4.CassandraClientMain - progress = 67, time = 1296280725
2022-05-08/03:21:37.129  INFO: datastax_3_1_4.CassandraClientMain - progress = 68, time = 1304187060
2022-05-08/03:21:37.135  INFO: datastax_3_1_4.CassandraClientMain - progress = 69, time = 1310661271
2022-05-08/03:21:37.141  INFO: datastax_3_1_4.CassandraClientMain - progress = 70, time = 1315916206
2022-05-08/03:21:37.147  INFO: datastax_3_1_4.CassandraClientMain - progress = 71, time = 1322773730
2022-05-08/03:21:37.152  INFO: datastax_3_1_4.CassandraClientMain - progress = 72, time = 1327411421
2022-05-08/03:21:37.157  INFO: datastax_3_1_4.CassandraClientMain - progress = 73, time = 1331989151
2022-05-08/03:21:37.162  INFO: datastax_3_1_4.CassandraClientMain - progress = 74, time = 1337075612
2022-05-08/03:21:37.167  INFO: datastax_3_1_4.CassandraClientMain - progress = 75, time = 1342003146
2022-05-08/03:21:37.173  INFO: datastax_3_1_4.CassandraClientMain - progress = 76, time = 1348307066
2022-05-08/03:21:37.178  INFO: datastax_3_1_4.CassandraClientMain - progress = 77, time = 1353252683
2022-05-08/03:21:37.183  INFO: datastax_3_1_4.CassandraClientMain - progress = 78, time = 1358123500
2022-05-08/03:21:37.187  INFO: datastax_3_1_4.CassandraClientMain - progress = 79, time = 1362345154
2022-05-08/03:21:37.191  INFO: datastax_3_1_4.CassandraClientMain - progress = 80, time = 1366292385
2022-05-08/03:21:37.195  INFO: datastax_3_1_4.CassandraClientMain - progress = 81, time = 1370109336
2022-05-08/03:21:37.198  INFO: datastax_3_1_4.CassandraClientMain - progress = 82, time = 1373288937
2022-05-08/03:21:37.202  INFO: datastax_3_1_4.CassandraClientMain - progress = 83, time = 1376894558
2022-05-08/03:21:37.205  INFO: datastax_3_1_4.CassandraClientMain - progress = 84, time = 1380679032
2022-05-08/03:21:37.209  INFO: datastax_3_1_4.CassandraClientMain - progress = 85, time = 1384278312
2022-05-08/03:21:37.213  INFO: datastax_3_1_4.CassandraClientMain - progress = 86, time = 1388483813
2022-05-08/03:21:37.217  INFO: datastax_3_1_4.CassandraClientMain - progress = 87, time = 1391985543
2022-05-08/03:21:37.220  INFO: datastax_3_1_4.CassandraClientMain - progress = 88, time = 1395612256
2022-05-08/03:21:37.226  INFO: datastax_3_1_4.CassandraClientMain - progress = 89, time = 1401309719
2022-05-08/03:21:37.230  INFO: datastax_3_1_4.CassandraClientMain - progress = 90, time = 1405196679
2022-05-08/03:21:37.234  INFO: datastax_3_1_4.CassandraClientMain - progress = 91, time = 1409409389
2022-05-08/03:21:37.242  INFO: datastax_3_1_4.CassandraClientMain - progress = 92, time = 1416814296
2022-05-08/03:21:37.246  INFO: datastax_3_1_4.CassandraClientMain - progress = 93, time = 1420902661
2022-05-08/03:21:37.255  INFO: datastax_3_1_4.CassandraClientMain - progress = 94, time = 1429993080
2022-05-08/03:21:37.259  INFO: datastax_3_1_4.CassandraClientMain - progress = 95, time = 1434403880
2022-05-08/03:21:37.265  INFO: datastax_3_1_4.CassandraClientMain - progress = 96, time = 1440440210
2022-05-08/03:21:37.275  INFO: datastax_3_1_4.CassandraClientMain - progress = 97, time = 1450053233
2022-05-08/03:21:37.282  INFO: datastax_3_1_4.CassandraClientMain - progress = 98, time = 1457409285
2022-05-08/03:21:37.287  INFO: datastax_3_1_4.CassandraClientMain - progress = 99, time = 1462613901
2022-05-08/03:21:37.295  INFO: datastax_3_1_4.CassandraClientMain - progress = 100, time = 1469902904
2022-05-08/03:21:37.301  INFO: datastax_3_1_4.CassandraClientMain - progress = 101, time = 1476796019
2022-05-08/03:21:37.307  INFO: datastax_3_1_4.CassandraClientMain - progress = 102, time = 1481911595
2022-05-08/03:21:37.312  INFO: datastax_3_1_4.CassandraClientMain - progress = 103, time = 1486822926
2022-05-08/03:21:37.317  INFO: datastax_3_1_4.CassandraClientMain - progress = 104, time = 1491912080
2022-05-08/03:21:37.321  INFO: datastax_3_1_4.CassandraClientMain - progress = 105, time = 1496047764
2022-05-08/03:21:37.325  INFO: datastax_3_1_4.CassandraClientMain - progress = 106, time = 1499935367
2022-05-08/03:21:37.331  INFO: datastax_3_1_4.CassandraClientMain - progress = 107, time = 1506719915
2022-05-08/03:21:37.336  INFO: datastax_3_1_4.CassandraClientMain - progress = 108, time = 1511445872
2022-05-08/03:21:37.340  INFO: datastax_3_1_4.CassandraClientMain - progress = 109, time = 1515708209
2022-05-08/03:21:37.346  INFO: datastax_3_1_4.CassandraClientMain - progress = 110, time = 1521482129
2022-05-08/03:21:37.356  INFO: datastax_3_1_4.CassandraClientMain - progress = 111, time = 1531248898
2022-05-08/03:21:37.365  INFO: datastax_3_1_4.CassandraClientMain - progress = 112, time = 1539932668
2022-05-08/03:21:37.371  INFO: datastax_3_1_4.CassandraClientMain - progress = 113, time = 1546650849
2022-05-08/03:21:37.375  INFO: datastax_3_1_4.CassandraClientMain - progress = 114, time = 1550625607
2022-05-08/03:21:37.380  INFO: datastax_3_1_4.CassandraClientMain - progress = 115, time = 1555657374
2022-05-08/03:21:37.383  INFO: datastax_3_1_4.CassandraClientMain - progress = 116, time = 1558758260
2022-05-08/03:21:37.386  INFO: datastax_3_1_4.CassandraClientMain - progress = 117, time = 1561654680
2022-05-08/03:21:37.389  INFO: datastax_3_1_4.CassandraClientMain - progress = 118, time = 1564533933
2022-05-08/03:21:37.394  INFO: datastax_3_1_4.CassandraClientMain - progress = 119, time = 1568965877
2022-05-08/03:21:37.398  INFO: datastax_3_1_4.CassandraClientMain - progress = 120, time = 1572862636
2022-05-08/03:21:37.401  INFO: datastax_3_1_4.CassandraClientMain - progress = 121, time = 1576236883
2022-05-08/03:21:37.405  INFO: datastax_3_1_4.CassandraClientMain - progress = 122, time = 1580280164
2022-05-08/03:21:37.409  INFO: datastax_3_1_4.CassandraClientMain - progress = 123, time = 1584094123
2022-05-08/03:21:37.412  INFO: datastax_3_1_4.CassandraClientMain - progress = 124, time = 1587739070
2022-05-08/03:21:37.416  INFO: datastax_3_1_4.CassandraClientMain - progress = 125, time = 1591353527
2022-05-08/03:21:37.419  INFO: datastax_3_1_4.CassandraClientMain - progress = 126, time = 1594434072
2022-05-08/03:21:37.422  INFO: datastax_3_1_4.CassandraClientMain - progress = 127, time = 1597784086
2022-05-08/03:21:37.426  INFO: datastax_3_1_4.CassandraClientMain - progress = 128, time = 1601669175
2022-05-08/03:21:37.429  INFO: datastax_3_1_4.CassandraClientMain - progress = 129, time = 1604727795
2022-05-08/03:21:37.432  INFO: datastax_3_1_4.CassandraClientMain - progress = 130, time = 1607578704
2022-05-08/03:21:37.435  INFO: datastax_3_1_4.CassandraClientMain - progress = 131, time = 1610470835
2022-05-08/03:21:37.438  INFO: datastax_3_1_4.CassandraClientMain - progress = 132, time = 1613309750
2022-05-08/03:21:37.441  INFO: datastax_3_1_4.CassandraClientMain - progress = 133, time = 1616541942
2022-05-08/03:21:37.446  INFO: datastax_3_1_4.CassandraClientMain - progress = 134, time = 1621445053
2022-05-08/03:21:37.449  INFO: datastax_3_1_4.CassandraClientMain - progress = 135, time = 1624725631
2022-05-08/03:21:37.452  INFO: datastax_3_1_4.CassandraClientMain - progress = 136, time = 1627725730
2022-05-08/03:21:37.456  INFO: datastax_3_1_4.CassandraClientMain - progress = 137, time = 1631432727
2022-05-08/03:21:37.459  INFO: datastax_3_1_4.CassandraClientMain - progress = 138, time = 1634515722
2022-05-08/03:21:37.462  INFO: datastax_3_1_4.CassandraClientMain - progress = 139, time = 1637238015
2022-05-08/03:21:37.465  INFO: datastax_3_1_4.CassandraClientMain - progress = 140, time = 1640096065
2022-05-08/03:21:37.468  INFO: datastax_3_1_4.CassandraClientMain - progress = 141, time = 1642908533
2022-05-08/03:21:37.470  INFO: datastax_3_1_4.CassandraClientMain - progress = 142, time = 1645743509
2022-05-08/03:21:37.473  INFO: datastax_3_1_4.CassandraClientMain - progress = 143, time = 1648485928
2022-05-08/03:21:37.476  INFO: datastax_3_1_4.CassandraClientMain - progress = 144, time = 1651486214
2022-05-08/03:21:37.479  INFO: datastax_3_1_4.CassandraClientMain - progress = 145, time = 1654184928
2022-05-08/03:21:37.482  INFO: datastax_3_1_4.CassandraClientMain - progress = 146, time = 1656992381
2022-05-08/03:21:37.484  INFO: datastax_3_1_4.CassandraClientMain - progress = 147, time = 1659459735
2022-05-08/03:21:37.487  INFO: datastax_3_1_4.CassandraClientMain - progress = 148, time = 1662243278
2022-05-08/03:21:37.490  INFO: datastax_3_1_4.CassandraClientMain - progress = 149, time = 1665112544
2022-05-08/03:21:37.493  INFO: datastax_3_1_4.CassandraClientMain - progress = 150, time = 1667984345
2022-05-08/03:21:37.495  INFO: datastax_3_1_4.CassandraClientMain - progress = 151, time = 1670672584
2022-05-08/03:21:37.498  INFO: datastax_3_1_4.CassandraClientMain - progress = 152, time = 1673264385
2022-05-08/03:21:37.501  INFO: datastax_3_1_4.CassandraClientMain - progress = 153, time = 1676179504
2022-05-08/03:21:37.504  INFO: datastax_3_1_4.CassandraClientMain - progress = 154, time = 1678891301
2022-05-08/03:21:37.507  INFO: datastax_3_1_4.CassandraClientMain - progress = 155, time = 1682235157
2022-05-08/03:21:37.510  INFO: datastax_3_1_4.CassandraClientMain - progress = 156, time = 1685339252
2022-05-08/03:21:37.513  INFO: datastax_3_1_4.CassandraClientMain - progress = 157, time = 1688782305
2022-05-08/03:21:37.516  INFO: datastax_3_1_4.CassandraClientMain - progress = 158, time = 1691577772
2022-05-08/03:21:37.519  INFO: datastax_3_1_4.CassandraClientMain - progress = 159, time = 1694159693
2022-05-08/03:21:37.522  INFO: datastax_3_1_4.CassandraClientMain - progress = 160, time = 1696866416
2022-05-08/03:21:37.525  INFO: datastax_3_1_4.CassandraClientMain - progress = 161, time = 1699958749
2022-05-08/03:21:37.529  INFO: datastax_3_1_4.CassandraClientMain - progress = 162, time = 1703836292
2022-05-08/03:21:37.532  INFO: datastax_3_1_4.CassandraClientMain - progress = 163, time = 1706969311
2022-05-08/03:21:37.534  INFO: datastax_3_1_4.CassandraClientMain - progress = 164, time = 1709297435
2022-05-08/03:21:37.537  INFO: datastax_3_1_4.CassandraClientMain - progress = 165, time = 1712109648
2022-05-08/03:21:37.540  INFO: datastax_3_1_4.CassandraClientMain - progress = 166, time = 1715206707
2022-05-08/03:21:37.543  INFO: datastax_3_1_4.CassandraClientMain - progress = 167, time = 1718027594
2022-05-08/03:21:37.546  INFO: datastax_3_1_4.CassandraClientMain - progress = 168, time = 1720835568
2022-05-08/03:21:37.548  INFO: datastax_3_1_4.CassandraClientMain - progress = 169, time = 1723509924
2022-05-08/03:21:37.555  INFO: datastax_3_1_4.CassandraClientMain - progress = 170, time = 1730212187
2022-05-08/03:21:37.559  INFO: datastax_3_1_4.CassandraClientMain - progress = 171, time = 1733913322
2022-05-08/03:21:37.562  INFO: datastax_3_1_4.CassandraClientMain - progress = 172, time = 1736952265
2022-05-08/03:21:37.564  INFO: datastax_3_1_4.CassandraClientMain - progress = 173, time = 1739753899
2022-05-08/03:21:37.568  INFO: datastax_3_1_4.CassandraClientMain - progress = 174, time = 1743343008
2022-05-08/03:21:37.571  INFO: datastax_3_1_4.CassandraClientMain - progress = 175, time = 1746094488
2022-05-08/03:21:37.574  INFO: datastax_3_1_4.CassandraClientMain - progress = 176, time = 1748954371
2022-05-08/03:21:37.577  INFO: datastax_3_1_4.CassandraClientMain - progress = 177, time = 1751895093
2022-05-08/03:21:37.579  INFO: datastax_3_1_4.CassandraClientMain - progress = 178, time = 1754549258
2022-05-08/03:21:37.582  INFO: datastax_3_1_4.CassandraClientMain - progress = 179, time = 1757060149
2022-05-08/03:21:37.584  INFO: datastax_3_1_4.CassandraClientMain - progress = 180, time = 1759729449
2022-05-08/03:21:37.587  INFO: datastax_3_1_4.CassandraClientMain - progress = 181, time = 1762146029
2022-05-08/03:21:37.589  INFO: datastax_3_1_4.CassandraClientMain - progress = 182, time = 1764470640
2022-05-08/03:21:37.592  INFO: datastax_3_1_4.CassandraClientMain - progress = 183, time = 1767061728
2022-05-08/03:21:37.595  INFO: datastax_3_1_4.CassandraClientMain - progress = 184, time = 1769871541
2022-05-08/03:21:37.597  INFO: datastax_3_1_4.CassandraClientMain - progress = 185, time = 1772288198
2022-05-08/03:21:37.599  INFO: datastax_3_1_4.CassandraClientMain - progress = 186, time = 1774811721
2022-05-08/03:21:37.602  INFO: datastax_3_1_4.CassandraClientMain - progress = 187, time = 1777106894
2022-05-08/03:21:37.604  INFO: datastax_3_1_4.CassandraClientMain - progress = 188, time = 1779338533
2022-05-08/03:21:37.606  INFO: datastax_3_1_4.CassandraClientMain - progress = 189, time = 1781402401
2022-05-08/03:21:37.608  INFO: datastax_3_1_4.CassandraClientMain - progress = 190, time = 1783598136
2022-05-08/03:21:37.610  INFO: datastax_3_1_4.CassandraClientMain - progress = 191, time = 1785799730
2022-05-08/03:21:37.612  INFO: datastax_3_1_4.CassandraClientMain - progress = 192, time = 1787818139
2022-05-08/03:21:37.614  INFO: datastax_3_1_4.CassandraClientMain - progress = 193, time = 1789621046
2022-05-08/03:21:37.616  INFO: datastax_3_1_4.CassandraClientMain - progress = 194, time = 1791308673
2022-05-08/03:21:37.622  INFO: datastax_3_1_4.CassandraClientMain - progress = 195, time = 1796966646
2022-05-08/03:21:37.624  INFO: datastax_3_1_4.CassandraClientMain - progress = 196, time = 1799460732
2022-05-08/03:21:37.626  INFO: datastax_3_1_4.CassandraClientMain - progress = 197, time = 1801746925
2022-05-08/03:21:37.629  INFO: datastax_3_1_4.CassandraClientMain - progress = 198, time = 1804058661
2022-05-08/03:21:37.631  INFO: datastax_3_1_4.CassandraClientMain - progress = 199, time = 1806399133
2022-05-08/03:21:37.633  INFO: datastax_3_1_4.CassandraClientMain - progress = 200, time = 1808698424
2022-05-08/03:21:37.634 DEBUG: core.Connection - Connection[/127.0.0.1:9047-1, inFlight=0, closed=true] closing connection
2022-05-08/03:21:37.635 DEBUG: Host.STATES - [/127.0.0.1:9047] Connection[/127.0.0.1:9047-1, inFlight=0, closed=true] closed, remaining = 0
2022-05-08/03:21:37.637 DEBUG: core.Connection - Connection[/127.0.0.2:9047-2, inFlight=0, closed=true] closing connection
2022-05-08/03:21:37.637 DEBUG: Host.STATES - [/127.0.0.2:9047] Connection[/127.0.0.2:9047-2, inFlight=0, closed=true] closed, remaining = 1
2022-05-08/03:21:37.637 DEBUG: core.Connection - Connection[/127.0.0.3:9047-1, inFlight=0, closed=true] closing connection
2022-05-08/03:21:37.637 DEBUG: Host.STATES - [/127.0.0.3:9047] Connection[/127.0.0.3:9047-1, inFlight=0, closed=true] closed, remaining = 0
2022-05-08/03:21:37.637 DEBUG: core.Cluster - Shutting down
2022-05-08/03:21:37.639 DEBUG: core.Connection - Connection[/127.0.0.2:9047-1, inFlight=0, closed=true] closing connection
2022-05-08/03:21:37.639 DEBUG: Host.STATES - [/127.0.0.2:9047] Connection[/127.0.0.2:9047-1, inFlight=0, closed=true] closed, remaining = 0
2022-05-08/03:21:39.846 DEBUG: buffer.PoolThreadCache - Freed 26 thread-local buffer(s) from thread: cluster1-nio-worker-0
2022-05-08/03:21:39.848 DEBUG: buffer.PoolThreadCache - Freed 4 thread-local buffer(s) from thread: cluster1-nio-worker-2
2022-05-08/03:21:39.848 DEBUG: buffer.PoolThreadCache - Freed 4 thread-local buffer(s) from thread: cluster1-nio-worker-6
2022-05-08/03:21:39.848 DEBUG: buffer.PoolThreadCache - Freed 31 thread-local buffer(s) from thread: cluster1-nio-worker-4
